This file contains any messages produced by compilers while
running configure, to aid debugging if configure makes a mistake.

It was created by enigmail configure 1.8, which was
generated by GNU Autoconf 2.69.  Invocation command line was

  $ ./configure 

## --------- ##
## Platform. ##
## --------- ##

hostname = dave-lap
uname -m = x86_64
uname -r = 4.2.0-7-generic
uname -s = Linux
uname -v = #7-Ubuntu SMP Tue Sep 1 16:43:10 UTC 2015

/usr/bin/uname -p = unknown
/bin/uname -X     = unknown

/bin/arch              = unknown
/usr/bin/arch -k       = unknown
/usr/convex/getsysinfo = unknown
/usr/bin/hostinfo      = unknown
/bin/machine           = unknown
/usr/bin/oslevel       = unknown
/bin/universe          = unknown

PATH: /usr/local/sbin
PATH: /usr/local/bin
PATH: /usr/sbin
PATH: /usr/bin
PATH: /sbin
PATH: /bin


## ----------- ##
## Core tests. ##
## ----------- ##

configure:1781: checking for python2
configure:1799: found /usr/bin/python2
configure:1811: result: /usr/bin/python2
configure:1871: checking for perl
configure:1889: found /usr/bin/perl
configure:1901: result: /usr/bin/perl
configure:1961: checking for gcc
configure:1977: found /usr/bin/gcc
configure:1988: result: gcc
configure:2217: checking for C compiler version
configure:2226: gcc --version >&5
gcc (Ubuntu 5.2.1-17ubuntu1) 5.2.1 20150911
Copyright (C) 2015 Free Software Foundation, Inc.
This is free software; see the source for copying conditions.  There is NO
warranty; not even for MERCHANTABILITY or FITNESS FOR A PARTICULAR PURPOSE.

configure:2237: $? = 0
configure:2226: gcc -v >&5
Using built-in specs.
COLLECT_GCC=gcc
COLLECT_LTO_WRAPPER=/usr/lib/gcc/x86_64-linux-gnu/5/lto-wrapper
Target: x86_64-linux-gnu
Configured with: ../src/configure -v --with-pkgversion='Ubuntu 5.2.1-17ubuntu1' --with-bugurl=file:///usr/share/doc/gcc-5/README.Bugs --enable-languages=c,ada,c++,java,go,d,fortran,objc,obj-c++ --prefix=/usr --program-suffix=-5 --enable-shared --enable-linker-build-id --libexecdir=/usr/lib --without-included-gettext --enable-threads=posix --libdir=/usr/lib --enable-nls --with-sysroot=/ --enable-clocale=gnu --enable-libstdcxx-debug --enable-libstdcxx-time=yes --with-default-libstdcxx-abi=new --enable-gnu-unique-object --disable-vtable-verify --enable-libmpx --enable-plugin --with-system-zlib --disable-browser-plugin --enable-java-awt=gtk --enable-gtk-cairo --with-java-home=/usr/lib/jvm/java-1.5.0-gcj-5-amd64/jre --enable-java-home --with-jvm-root-dir=/usr/lib/jvm/java-1.5.0-gcj-5-amd64 --with-jvm-jar-dir=/usr/lib/jvm-exports/java-1.5.0-gcj-5-amd64 --with-arch-directory=amd64 --with-ecj-jar=/usr/share/java/eclipse-ecj.jar --enable-objc-gc --enable-multiarch --disable-werror --with-arch-32=i686 --with-abi=m64 --with-multilib-list=m32,m64,mx32 --enable-multilib --with-tune=generic --enable-checking=release --build=x86_64-linux-gnu --host=x86_64-linux-gnu --target=x86_64-linux-gnu
Thread model: posix
gcc version 5.2.1 20150911 (Ubuntu 5.2.1-17ubuntu1) 
configure:2237: $? = 0
configure:2226: gcc -V >&5
gcc: error: unrecognized command line option '-V'
gcc: fatal error: no input files
compilation terminated.
configure:2237: $? = 1
configure:2226: gcc -qversion >&5
gcc: error: unrecognized command line option '-qversion'
gcc: fatal error: no input files
compilation terminated.
configure:2237: $? = 1
configure:2257: checking whether the C compiler works
configure:2279: gcc    conftest.c  >&5
configure:2283: $? = 0
configure:2331: result: yes
configure:2334: checking for C compiler default output file name
configure:2336: result: a.out
configure:2342: checking for suffix of executables
configure:2349: gcc -o conftest    conftest.c  >&5
configure:2353: $? = 0
configure:2375: result: 
configure:2397: checking whether we are cross compiling
configure:2405: gcc -o conftest    conftest.c  >&5
configure:2409: $? = 0
configure:2416: ./conftest
configure:2420: $? = 0
configure:2435: result: no
configure:2440: checking for suffix of object files
configure:2462: gcc -c   conftest.c >&5
configure:2466: $? = 0
configure:2487: result: o
configure:2491: checking whether we are using the GNU C compiler
configure:2510: gcc -c   conftest.c >&5
configure:2510: $? = 0
configure:2519: result: yes
configure:2528: checking whether gcc accepts -g
configure:2548: gcc -c -g  conftest.c >&5
configure:2548: $? = 0
configure:2589: result: yes
configure:2606: checking for gcc option to accept ISO C89
configure:2669: gcc  -c -g -O2  conftest.c >&5
configure:2669: $? = 0
configure:2682: result: none needed
configure:2739: checking build system type
configure:2753: result: x86_64-unknown-linux-gnu
configure:2773: checking host system type
configure:2786: result: x86_64-unknown-linux-gnu
configure:2806: checking target system type
configure:2819: result: x86_64-unknown-linux-gnu
configure:3074: creating ./config.status

## ---------------------- ##
## Running config.status. ##
## ---------------------- ##

This file was extended by enigmail config.status 1.8, which was
generated by GNU Autoconf 2.69.  Invocation command line was

  CONFIG_FILES    = 
  CONFIG_HEADERS  = 
  CONFIG_LINKS    = 
  CONFIG_COMMANDS = 
  $ ./config.status 

on dave-lap

config.status:742: creating config/autoconf.mk

## ---------------- ##
## Cache variables. ##
## ---------------- ##

ac_cv_build=x86_64-unknown-linux-gnu
ac_cv_c_compiler_gnu=yes
ac_cv_env_CC_set=
ac_cv_env_CC_value=
ac_cv_env_CFLAGS_set=
ac_cv_env_CFLAGS_value=
ac_cv_env_CPPFLAGS_set=
ac_cv_env_CPPFLAGS_value=
ac_cv_env_LDFLAGS_set=
ac_cv_env_LDFLAGS_value=
ac_cv_env_LIBS_set=
ac_cv_env_LIBS_value=
ac_cv_env_build_alias_set=
ac_cv_env_build_alias_value=
ac_cv_env_host_alias_set=
ac_cv_env_host_alias_value=
ac_cv_env_target_alias_set=
ac_cv_env_target_alias_value=
ac_cv_host=x86_64-unknown-linux-gnu
ac_cv_objext=o
ac_cv_path_PERL=/usr/bin/perl
ac_cv_path_PYTHON=/usr/bin/python2
ac_cv_prog_ac_ct_CC=gcc
ac_cv_prog_cc_c89=
ac_cv_prog_cc_g=yes
ac_cv_target=x86_64-unknown-linux-gnu

## ----------------- ##
## Output variables. ##
## ----------------- ##

BUILD_OS_ARCH='Linux'
BUILD_TARGET_CPU='x86_64-gcc3'
CC='gcc'
CFLAGS='-g -O2'
CPPFLAGS=''
DEFS='-DPACKAGE_NAME=\"enigmail\" -DPACKAGE_TARNAME=\"enigmail\" -DPACKAGE_VERSION=\"1.8\" -DPACKAGE_STRING=\"enigmail\ 1.8\" -DPACKAGE_BUGREPORT=\"https://www.enigmail.net\" -DPACKAGE_URL=\"\"'
DLL_PREFIX='lib'
DLL_SUFFIX='.so'
ECHO_C=''
ECHO_N='-n'
ECHO_T=''
EXEEXT=''
LDFLAGS=''
LIBOBJS=''
LIBS=''
LTLIBOBJS=''
OBJEXT='o'
PACKAGE_BUGREPORT='https://www.enigmail.net'
PACKAGE_NAME='enigmail'
PACKAGE_STRING='enigmail 1.8'
PACKAGE_TARNAME='enigmail'
PACKAGE_URL=''
PACKAGE_VERSION='1.8'
PATH_SEPARATOR=':'
PERL='/usr/bin/perl'
PYTHON='/usr/bin/python2'
SHELL='/bin/bash'
TB_ARGS=''
TB_PATH=''
ac_ct_CC='gcc'
bindir='${exec_prefix}/bin'
build='x86_64-unknown-linux-gnu'
build_alias=''
build_cpu='x86_64'
build_os='linux-gnu'
build_vendor='unknown'
datadir='${datarootdir}'
datarootdir='${prefix}/share'
docdir='${datarootdir}/doc/${PACKAGE_TARNAME}'
dvidir='${docdir}'
enable_fix_lang='yes'
enable_lang='yes'
enable_tests=''
exec_prefix='${prefix}'
host='x86_64-unknown-linux-gnu'
host_alias=''
host_cpu='x86_64'
host_os='linux-gnu'
host_vendor='unknown'
htmldir='${docdir}'
includedir='${prefix}/include'
infodir='${datarootdir}/info'
libdir='${exec_prefix}/lib'
libexecdir='${exec_prefix}/libexec'
localedir='${datarootdir}/locale'
localstatedir='${prefix}/var'
mandir='${datarootdir}/man'
oldincludedir='/usr/include'
pdfdir='${docdir}'
prefix='/usr/local'
program_transform_name='s,x,x,'
psdir='${docdir}'
sbindir='${exec_prefix}/sbin'
sharedstatedir='${prefix}/com'
sysconfdir='${prefix}/etc'
target='x86_64-unknown-linux-gnu'
target_alias=''
target_cpu='x86_64'
target_os='linux-gnu'
target_vendor='unknown'

## ----------- ##
## confdefs.h. ##
## ----------- ##

/* confdefs.h */
#define PACKAGE_NAME "enigmail"
#define PACKAGE_TARNAME "enigmail"
#define PACKAGE_VERSION "1.8"
#define PACKAGE_STRING "enigmail 1.8"
#define PACKAGE_BUGREPORT "https://www.enigmail.net"
#define PACKAGE_URL ""

configure: exit 0
